This is pdfTeX, Version 3.14159265-2.6-1.40.20 (TeX Live 2019/Debian) (preloaded format=pdflatex 2021.2.10)  24 MAY 2021 19:34
entering extended mode
 restricted \write18 enabled.
 %&-line parsing enabled.
**ee19b048_assign9_report.tex
(./ee19b048_assign9_report.tex
LaTeX2e <2020-02-02> patch level 2
L3 programming layer <2020-02-14>
(/usr/share/texlive/texmf-dist/tex/latex/base/article.cls
Document Class: article 2019/12/20 v1.4l Standard LaTeX document class
(/usr/share/texlive/texmf-dist/tex/latex/base/size12.clo
File: size12.clo 2019/12/20 v1.4l Standard LaTeX file (size option)
)
\c@part=\count167
\c@section=\count168
\c@subsection=\count169
\c@subsubsection=\count170
\c@paragraph=\count171
\c@subparagraph=\count172
\c@figure=\count173
\c@table=\count174
\abovecaptionskip=\skip47
\belowcaptionskip=\skip48
\bibindent=\dimen134
)
(/usr/share/texlive/texmf-dist/tex/latex/preprint/fullpage.sty
Package: fullpage 1999/02/23 1.1 (PWD)
\FP@margin=\skip49
)
(/usr/share/texlive/texmf-dist/tex/latex/graphics/graphicx.sty
Package: graphicx 2019/11/30 v1.2a Enhanced LaTeX Graphics (DPC,SPQR)

(/usr/share/texlive/texmf-dist/tex/latex/graphics/keyval.sty
Package: keyval 2014/10/28 v1.15 key=value parser (DPC)
\KV@toks@=\toks14
)
(/usr/share/texlive/texmf-dist/tex/latex/graphics/graphics.sty
Package: graphics 2019/11/30 v1.4a Standard LaTeX Graphics (DPC,SPQR)

(/usr/share/texlive/texmf-dist/tex/latex/graphics/trig.sty
Package: trig 2016/01/03 v1.10 sin cos tan (DPC)
)
(/usr/share/texlive/texmf-dist/tex/latex/graphics-cfg/graphics.cfg
File: graphics.cfg 2016/06/04 v1.11 sample graphics configuration
)
Package graphics Info: Driver file: pdftex.def on input line 105.

(/usr/share/texlive/texmf-dist/tex/latex/graphics-def/pdftex.def
File: pdftex.def 2018/01/08 v1.0l Graphics/color driver for pdftex
))
\Gin@req@height=\dimen135
\Gin@req@width=\dimen136
)
(/usr/share/texlive/texmf-dist/tex/latex/wrapfig/wrapfig.sty
\wrapoverhang=\dimen137
\WF@size=\dimen138
\c@WF@wrappedlines=\count175
\WF@box=\box45
\WF@everypar=\toks15
Package: wrapfig 2003/01/31  v 3.6
)
(/usr/share/texlive/texmf-dist/tex/latex/amsmath/amsmath.sty
Package: amsmath 2020/01/20 v2.17e AMS math features
\@mathmargin=\skip50

For additional information on amsmath, use the `?' option.
(/usr/share/texlive/texmf-dist/tex/latex/amsmath/amstext.sty
Package: amstext 2000/06/29 v2.01 AMS text

(/usr/share/texlive/texmf-dist/tex/latex/amsmath/amsgen.sty
File: amsgen.sty 1999/11/30 v2.0 generic functions
\@emptytoks=\toks16
\ex@=\dimen139
))
(/usr/share/texlive/texmf-dist/tex/latex/amsmath/amsbsy.sty
Package: amsbsy 1999/11/29 v1.2d Bold Symbols
\pmbraise@=\dimen140
)
(/usr/share/texlive/texmf-dist/tex/latex/amsmath/amsopn.sty
Package: amsopn 2016/03/08 v2.02 operator names
)
\inf@bad=\count176
LaTeX Info: Redefining \frac on input line 227.
\uproot@=\count177
\leftroot@=\count178
LaTeX Info: Redefining \overline on input line 389.
\classnum@=\count179
\DOTSCASE@=\count180
LaTeX Info: Redefining \ldots on input line 486.
LaTeX Info: Redefining \dots on input line 489.
LaTeX Info: Redefining \cdots on input line 610.
\Mathstrutbox@=\box46
\strutbox@=\box47
\big@size=\dimen141
LaTeX Font Info:    Redeclaring font encoding OML on input line 733.
LaTeX Font Info:    Redeclaring font encoding OMS on input line 734.
\macc@depth=\count181
\c@MaxMatrixCols=\count182
\dotsspace@=\muskip16
\c@parentequation=\count183
\dspbrk@lvl=\count184
\tag@help=\toks17
\row@=\count185
\column@=\count186
\maxfields@=\count187
\andhelp@=\toks18
\eqnshift@=\dimen142
\alignsep@=\dimen143
\tagshift@=\dimen144
\tagwidth@=\dimen145
\totwidth@=\dimen146
\lineht@=\dimen147
\@envbody=\toks19
\multlinegap=\skip51
\multlinetaggap=\skip52
\mathdisplay@stack=\toks20
LaTeX Info: Redefining \[ on input line 2859.
LaTeX Info: Redefining \] on input line 2860.
)
(/usr/share/texlive/texmf-dist/tex/latex/float/float.sty
Package: float 2001/11/08 v1.3d Float enhancements (AL)
\c@float@type=\count188
\float@exts=\toks21
\float@box=\box48
\@float@everytoks=\toks22
\@floatcapt=\box49
)
(/usr/share/texlive/texmf-dist/tex/latex/listings/listings.sty
\lst@mode=\count189
\lst@gtempboxa=\box50
\lst@token=\toks23
\lst@length=\count190
\lst@currlwidth=\dimen148
\lst@column=\count191
\lst@pos=\count192
\lst@lostspace=\dimen149
\lst@width=\dimen150
\lst@newlines=\count193
\lst@lineno=\count194
\lst@maxwidth=\dimen151

(/usr/share/texlive/texmf-dist/tex/latex/listings/lstmisc.sty
File: lstmisc.sty 2019/09/10 1.8c (Carsten Heinz)
\c@lstnumber=\count195
\lst@skipnumbers=\count196
\lst@framebox=\box51
)
(/usr/share/texlive/texmf-dist/tex/latex/listings/listings.cfg
File: listings.cfg 2019/09/10 1.8c listings configuration
))
Package: listings 2019/09/10 1.8c (Carsten Heinz)

(/usr/share/texmf/tex/latex/lm/lmodern.sty
Package: lmodern 2009/10/30 v1.6 Latin Modern Fonts
LaTeX Font Info:    Overwriting symbol font `operators' in version `normal'
(Font)                  OT1/cmr/m/n --> OT1/lmr/m/n on input line 22.
LaTeX Font Info:    Overwriting symbol font `letters' in version `normal'
(Font)                  OML/cmm/m/it --> OML/lmm/m/it on input line 23.
LaTeX Font Info:    Overwriting symbol font `symbols' in version `normal'
(Font)                  OMS/cmsy/m/n --> OMS/lmsy/m/n on input line 24.
LaTeX Font Info:    Overwriting symbol font `largesymbols' in version `normal'
(Font)                  OMX/cmex/m/n --> OMX/lmex/m/n on input line 25.
LaTeX Font Info:    Overwriting symbol font `operators' in version `bold'
(Font)                  OT1/cmr/bx/n --> OT1/lmr/bx/n on input line 26.
LaTeX Font Info:    Overwriting symbol font `letters' in version `bold'
(Font)                  OML/cmm/b/it --> OML/lmm/b/it on input line 27.
LaTeX Font Info:    Overwriting symbol font `symbols' in version `bold'
(Font)                  OMS/cmsy/b/n --> OMS/lmsy/b/n on input line 28.
LaTeX Font Info:    Overwriting symbol font `largesymbols' in version `bold'
(Font)                  OMX/cmex/m/n --> OMX/lmex/m/n on input line 29.
LaTeX Font Info:    Overwriting math alphabet `\mathbf' in version `normal'
(Font)                  OT1/cmr/bx/n --> OT1/lmr/bx/n on input line 31.
LaTeX Font Info:    Overwriting math alphabet `\mathsf' in version `normal'
(Font)                  OT1/cmss/m/n --> OT1/lmss/m/n on input line 32.
LaTeX Font Info:    Overwriting math alphabet `\mathit' in version `normal'
(Font)                  OT1/cmr/m/it --> OT1/lmr/m/it on input line 33.
LaTeX Font Info:    Overwriting math alphabet `\mathtt' in version `normal'
(Font)                  OT1/cmtt/m/n --> OT1/lmtt/m/n on input line 34.
LaTeX Font Info:    Overwriting math alphabet `\mathbf' in version `bold'
(Font)                  OT1/cmr/bx/n --> OT1/lmr/bx/n on input line 35.
LaTeX Font Info:    Overwriting math alphabet `\mathsf' in version `bold'
(Font)                  OT1/cmss/bx/n --> OT1/lmss/bx/n on input line 36.
LaTeX Font Info:    Overwriting math alphabet `\mathit' in version `bold'
(Font)                  OT1/cmr/bx/it --> OT1/lmr/bx/it on input line 37.
LaTeX Font Info:    Overwriting math alphabet `\mathtt' in version `bold'
(Font)                  OT1/cmtt/m/n --> OT1/lmtt/m/n on input line 38.
)
(/usr/share/texlive/texmf-dist/tex/latex/xcolor/xcolor.sty
Package: xcolor 2016/05/11 v2.12 LaTeX color extensions (UK)

(/usr/share/texlive/texmf-dist/tex/latex/graphics-cfg/color.cfg
File: color.cfg 2016/01/02 v1.6 sample color configuration
)
Package xcolor Info: Driver file: pdftex.def on input line 225.
Package xcolor Info: Model `cmy' substituted by `cmy0' on input line 1348.
Package xcolor Info: Model `hsb' substituted by `rgb' on input line 1352.
Package xcolor Info: Model `RGB' extended on input line 1364.
Package xcolor Info: Model `HTML' substituted by `rgb' on input line 1366.
Package xcolor Info: Model `Hsb' substituted by `hsb' on input line 1367.
Package xcolor Info: Model `tHsb' substituted by `hsb' on input line 1368.
Package xcolor Info: Model `HSB' substituted by `hsb' on input line 1369.
Package xcolor Info: Model `Gray' substituted by `gray' on input line 1370.
Package xcolor Info: Model `wave' substituted by `hsb' on input line 1371.
)
(/usr/share/texlive/texmf-dist/tex/latex/l3backend/l3backend-pdfmode.def
File: l3backend-pdfmode.def 2020-02-03 L3 backend support: PDF mode
\l__kernel_color_stack_int=\count197
\l__pdf_internal_box=\box52
)
(./ee19b048_assign9_report.aux)
\openout1 = `ee19b048_assign9_report.aux'.

LaTeX Font Info:    Checking defaults for OML/cmm/m/it on input line 23.
LaTeX Font Info:    ... okay on input line 23.
LaTeX Font Info:    Checking defaults for OMS/cmsy/m/n on input line 23.
LaTeX Font Info:    ... okay on input line 23.
LaTeX Font Info:    Checking defaults for OT1/cmr/m/n on input line 23.
LaTeX Font Info:    ... okay on input line 23.
LaTeX Font Info:    Checking defaults for T1/cmr/m/n on input line 23.
LaTeX Font Info:    ... okay on input line 23.
LaTeX Font Info:    Checking defaults for TS1/cmr/m/n on input line 23.
LaTeX Font Info:    ... okay on input line 23.
LaTeX Font Info:    Checking defaults for OMX/cmex/m/n on input line 23.
LaTeX Font Info:    ... okay on input line 23.
LaTeX Font Info:    Checking defaults for U/cmr/m/n on input line 23.
LaTeX Font Info:    ... okay on input line 23.
LaTeX Font Info:    Trying to load font information for OT1+lmr on input line 2
3.
 (/usr/share/texmf/tex/latex/lm/ot1lmr.fd
File: ot1lmr.fd 2009/10/30 v1.6 Font defs for Latin Modern
)
(/usr/share/texlive/texmf-dist/tex/context/base/mkii/supp-pdf.mkii
[Loading MPS to PDF converter (version 2006.09.02).]
\scratchcounter=\count198
\scratchdimen=\dimen152
\scratchbox=\box53
\nofMPsegments=\count199
\nofMParguments=\count266
\everyMPshowfont=\toks24
\MPscratchCnt=\count267
\MPscratchDim=\dimen153
\MPnumerator=\count268
\makeMPintoPDFobject=\count269
\everyMPtoPDFconversion=\toks25
) (/usr/share/texlive/texmf-dist/tex/latex/epstopdf-pkg/epstopdf-base.sty
Package: epstopdf-base 2020-01-24 v2.11 Base part for package epstopdf
Package epstopdf-base Info: Redefining graphics rule for `.eps' on input line 4
85.

(/usr/share/texlive/texmf-dist/tex/latex/latexconfig/epstopdf-sys.cfg
File: epstopdf-sys.cfg 2010/07/13 v1.3 Configuration of (r)epstopdf for TeX Liv
e
))
\c@lstlisting=\count270

(/usr/share/texlive/texmf-dist/tex/latex/listings/lstlang1.sty
File: lstlang1.sty 2019/09/10 1.8c listings language file
)
LaTeX Font Info:    Trying to load font information for OML+lmm on input line 4
7.

(/usr/share/texmf/tex/latex/lm/omllmm.fd
File: omllmm.fd 2009/10/30 v1.6 Font defs for Latin Modern
)
LaTeX Font Info:    Trying to load font information for OMS+lmsy on input line 
47.

(/usr/share/texmf/tex/latex/lm/omslmsy.fd
File: omslmsy.fd 2009/10/30 v1.6 Font defs for Latin Modern
)
LaTeX Font Info:    Trying to load font information for OMX+lmex on input line 
47.

(/usr/share/texmf/tex/latex/lm/omxlmex.fd
File: omxlmex.fd 2009/10/30 v1.6 Font defs for Latin Modern
)
LaTeX Font Info:    External font `lmex10' loaded for size
(Font)              <14.4> on input line 47.
LaTeX Font Info:    External font `lmex10' loaded for size
(Font)              <10> on input line 47.
LaTeX Font Info:    External font `lmex10' loaded for size
(Font)              <7> on input line 47.
LaTeX Font Info:    Trying to load font information for OT1+lmtt on input line 
51.

(/usr/share/texmf/tex/latex/lm/ot1lmtt.fd
File: ot1lmtt.fd 2009/10/30 v1.6 Font defs for Latin Modern
)
LaTeX Font Info:    External font `lmex10' loaded for size
(Font)              <12> on input line 55.
LaTeX Font Info:    External font `lmex10' loaded for size
(Font)              <8> on input line 55.
LaTeX Font Info:    External font `lmex10' loaded for size
(Font)              <6> on input line 55.
LaTeX Font Info:    External font `lmex10' loaded for size
(Font)              <17.28> on input line 61.
LaTeX Font Info:    Trying to load font information for TS1+lmtt on input line 
78.

(/usr/share/texmf/tex/latex/lm/ts1lmtt.fd
File: ts1lmtt.fd 2009/10/30 v1.6 Font defs for Latin Modern
) [1

{/var/lib/texmf/fonts/map/pdftex/updmap/pdftex.map}]
<ex1.png, id=17, 462.528pt x 346.896pt>
File: ex1.png Graphic file (type png)
<use ex1.png>
Package pdftex.def Info: ex1.png  used on input line 90.
(pdftex.def)             Requested size: 362.37569pt x 271.79521pt.
LaTeX Font Info:    Trying to load font information for TS1+lmr on input line 9
6.
 (/usr/share/texmf/tex/latex/lm/ts1lmr.fd
File: ts1lmr.fd 2009/10/30 v1.6 Font defs for Latin Modern
) [2 <./ex1.png>]
<q1sin.png, id=24, 462.528pt x 346.896pt>
File: q1sin.png Graphic file (type png)
<use q1sin.png>
Package pdftex.def Info: q1sin.png  used on input line 118.
(pdftex.def)             Requested size: 362.37569pt x 271.79521pt.

Overfull \hbox (21.33589pt too wide) detected at line 139
\OML/lmm/m/it/12 Y\OT1/lmr/m/n/12 (\OML/lmm/m/it/12 !\OT1/lmr/m/n/12 ) = 0\OML/
lmm/m/it/12 :\OT1/lmr/m/n/12 5\OML/lmm/m/it/12 ^^N\OT1/lmr/m/n/12 (\OML/lmm/m/i
t/12 ! \OT1/lmr/m/n/12 + 10) + 0\OML/lmm/m/it/12 :\OT1/lmr/m/n/12 5\OML/lmm/m/i
t/12 ^^N\OT1/lmr/m/n/12 (\OML/lmm/m/it/12 ! \OMS/lmsy/m/n/12 ^^@ \OT1/lmr/m/n/1
2 10) + 0\OML/lmm/m/it/12 :\OT1/lmr/m/n/12 025\OML/lmm/m/it/12 ^^N\OT1/lmr/m/n/
12 (\OML/lmm/m/it/12 ! \OT1/lmr/m/n/12 + 9) + 0\OML/lmm/m/it/12 :\OT1/lmr/m/n/1
2 025\OML/lmm/m/it/12 ^^N\OT1/lmr/m/n/12 (\OML/lmm/m/it/12 ! \OMS/lmsy/m/n/12 ^
^@ \OT1/lmr/m/n/12 9) + 0\OML/lmm/m/it/12 :\OT1/lmr/m/n/12 025\OML/lmm/m/it/12 
^^N\OT1/lmr/m/n/12 (\OML/lmm/m/it/12 ! \OT1/lmr/m/n/12 + 11) + 0\OML/lmm/m/it/1
2 :\OT1/lmr/m/n/12 025\OML/lmm/m/it/12 ^^N\OT1/lmr/m/n/12 (\OML/lmm/m/it/12 ! \
OMS/lmsy/m/n/12 ^^@ \OT1/lmr/m/n/12 11)
 []

[3 <./q1sin.png>]
<q1cos.png, id=29, 462.528pt x 346.896pt>
File: q1cos.png Graphic file (type png)
<use q1cos.png>
Package pdftex.def Info: q1cos.png  used on input line 158.
(pdftex.def)             Requested size: 362.37569pt x 271.79521pt.
<q1cos1.png, id=30, 462.528pt x 346.896pt>
File: q1cos1.png Graphic file (type png)
<use q1cos1.png>
Package pdftex.def Info: q1cos1.png  used on input line 180.
(pdftex.def)             Requested size: 362.37569pt x 271.79521pt.
 [4 <./q1cos.png>] [5 <./q1cos1.png>]
<q2sin.png, id=39, 462.528pt x 346.896pt>
File: q2sin.png Graphic file (type png)
<use q2sin.png>
Package pdftex.def Info: q2sin.png  used on input line 220.
(pdftex.def)             Requested size: 362.37569pt x 271.79521pt.
<q2cos.png, id=40, 462.528pt x 346.896pt>
File: q2cos.png Graphic file (type png)
<use q2cos.png>
Package pdftex.def Info: q2cos.png  used on input line 225.
(pdftex.def)             Requested size: 362.37569pt x 271.79521pt.
 [6 <./q2sin.png>]
<q3.png, id=45, 462.528pt x 346.896pt>
File: q3.png Graphic file (type png)
<use q3.png>
Package pdftex.def Info: q3.png  used on input line 254.
(pdftex.def)             Requested size: 362.37569pt x 271.79521pt.

[7 <./q2cos.png>]
<q4_1.png, id=51, 462.528pt x 346.896pt>
File: q4_1.png Graphic file (type png)
<use q4_1.png>
Package pdftex.def Info: q4_1.png  used on input line 290.
(pdftex.def)             Requested size: 362.37569pt x 271.79521pt.
 [8 <./q3.png>]
<q4_2.png, id=57, 462.528pt x 346.896pt>
File: q4_2.png Graphic file (type png)
<use q4_2.png>
Package pdftex.def Info: q4_2.png  used on input line 299.
(pdftex.def)             Requested size: 362.37569pt x 271.79521pt.
 [9 <./q4_1.png> <./q4_2.png>]
<q4_3.png, id=63, 462.528pt x 346.896pt>
File: q4_3.png Graphic file (type png)
<use q4_3.png>
Package pdftex.def Info: q4_3.png  used on input line 308.
(pdftex.def)             Requested size: 362.37569pt x 271.79521pt.
<q4_4.png, id=64, 462.528pt x 346.896pt>
File: q4_4.png Graphic file (type png)
<use q4_4.png>
Package pdftex.def Info: q4_4.png  used on input line 328.
(pdftex.def)             Requested size: 362.37569pt x 271.79521pt.
 [10 <./q4_3.png>] [11 <./q4_4.png>] (./ee19b048_assign9_report.aux) ) 
Here is how much of TeX's memory you used:
 4457 strings out of 481239
 59161 string characters out of 5920377
 593611 words of memory out of 5000000
 19665 multiletter control sequences out of 15000+600000
 567945 words of font info for 53 fonts, out of 8000000 for 9000
 1141 hyphenation exceptions out of 8191
 30i,8n,40p,441b,1740s stack positions out of 5000i,500n,10000p,200000b,80000s
{/usr/sha
re/texmf/fonts/enc/dvips/lm/lm-rm.enc}{/usr/share/texmf/fonts/enc/dvips/lm/lm-t
s1.enc}{/usr/share/texmf/fonts/enc/dvips/lm/lm-mathsy.enc}{/usr/share/texmf/fon
ts/enc/dvips/lm/lm-mathex.enc}{/usr/share/texmf/fonts/enc/dvips/lm/lm-mathit.en
c}{/usr/share/texmf/fonts/enc/dvips/lm/lm-rmtt.enc}</usr/share/texmf/fonts/type
1/public/lm/lmbx12.pfb></usr/share/texmf/fonts/type1/public/lm/lmex10.pfb></usr
/share/texmf/fonts/type1/public/lm/lmmi12.pfb></usr/share/texmf/fonts/type1/pub
lic/lm/lmmi8.pfb></usr/share/texmf/fonts/type1/public/lm/lmr12.pfb></usr/share/
texmf/fonts/type1/public/lm/lmr17.pfb></usr/share/texmf/fonts/type1/public/lm/l
mr6.pfb></usr/share/texmf/fonts/type1/public/lm/lmr8.pfb></usr/share/texmf/font
s/type1/public/lm/lmsy10.pfb></usr/share/texmf/fonts/type1/public/lm/lmsy8.pfb>
</usr/share/texmf/fonts/type1/public/lm/lmtt12.pfb>
Output written on ee19b048_assign9_report.pdf (11 pages, 392235 bytes).
PDF statistics:
 117 PDF objects out of 1000 (max. 8388607)
 70 compressed objects within 1 object stream
 0 named destinations out of 1000 (max. 500000)
 56 words of extra memory for PDF output out of 10000 (max. 10000000)

